[0211/214016.056:ERROR:process_memory_win.cc(73)] ReadMemory at 0x172cd4c8f80 of 72 bytes failed: Solo se completó una parte de una solicitud ReadProcessMemory o WriteProcessMemory. (0x12B)
[0211/214016.071:WARNING:pe_image_annotations_reader.cc(134)] could not read annotations list object in C:\Program Files (x86)\Google\Chrome\Application\80.0.3987.87\chrome_elf.dll
[0211/214016.071:ERROR:process_memory_win.cc(73)] ReadMemory at 0x172cd4d0000 of 64 bytes failed: Solo se completó una parte de una solicitud ReadProcessMemory o WriteProcessMemory. (0x12B)
[0211/214016.071:WARNING:pe_image_reader.cc(340)] could not read dos header from C:\WINDOWS\System32\ADVAPI32.dll
[0211/214016.071:ERROR:process_memory_win.cc(73)] ReadMemory at 0x172cd48ae90 of 72 bytes failed: Solo se completó una parte de una solicitud ReadProcessMemory o WriteProcessMemory. (0x12B)
[0211/214016.071:WARNING:pe_image_annotations_reader.cc(134)] could not read annotations list object in C:\Program Files (x86)\Google\Chrome\Application\80.0.3987.87\chrome.dll
[0211/214016.071:ERROR:process_memory_win.cc(73)] ReadMemory at 0x172cd4c8f80 of 72 bytes failed: Solo se completó una parte de una solicitud ReadProcessMemory o WriteProcessMemory. (0x12B)
[0211/214016.071:WARNING:pe_image_annotations_reader.cc(134)] could not read annotations list object in C:\Program Files (x86)\Google\Chrome\Application\80.0.3987.87\chrome_elf.dll
[0211/214016.071:ERROR:process_memory_win.cc(73)] ReadMemory at 0x172cd4d0000 of 64 bytes failed: Solo se completó una parte de una solicitud ReadProcessMemory o WriteProcessMemory. (0x12B)
[0211/214016.071:WARNING:pe_image_reader.cc(340)] could not read dos header from C:\WINDOWS\System32\ADVAPI32.dll
[0211/214016.071:ERROR:process_memory_win.cc(73)] ReadMemory at 0x172cd48ae90 of 72 bytes failed: Solo se completó una parte de una solicitud ReadProcessMemory o WriteProcessMemory. (0x12B)
[0211/214016.071:WARNING:pe_image_annotations_reader.cc(134)] could not read annotations list object in C:\Program Files (x86)\Google\Chrome\Application\80.0.3987.87\chrome.dll
[0211/214016.962:ERROR:process_memory_win.cc(73)] ReadMemory at 0x3b57fc000 of 16384 bytes failed: Solo se completó una parte de una solicitud ReadProcessMemory o WriteProcessMemory. (0x12B)
[0211/214016.962:ERROR:process_memory_win.cc(73)] ReadMemory at 0x3b4774000 of 852 bytes failed: Solo se completó una parte de una solicitud ReadProcessMemory o WriteProcessMemory. (0x12B)
[0211/214016.962:ERROR:process_memory_win.cc(73)] ReadMemory at 0x3b4777000 of 6024 bytes failed: Solo se completó una parte de una solicitud ReadProcessMemory o WriteProcessMemory. (0x12B)
[0211/214016.962:ERROR:process_memory_win.cc(73)] ReadMemory at 0x172cd300fe0 of 9860 bytes failed: Solo se completó una parte de una solicitud ReadProcessMemory o WriteProcessMemory. (0x12B)
[0211/214016.962:ERROR:process_memory_win.cc(73)] ReadMemory at 0x172cd303670 of 1012 bytes failed: Solo se completó una parte de una solicitud ReadProcessMemory o WriteProcessMemory. (0x12B)
[0211/214016.962:ERROR:process_memory_win.cc(73)] ReadMemory at 0x172cd303cb8 of 118 bytes failed: Solo se completó una parte de una solicitud ReadProcessMemory o WriteProcessMemory. (0x12B)
[0211/214016.962:ERROR:process_memory_win.cc(73)] ReadMemory at 0x172cd303d30 of 316 bytes failed: Solo se completó una parte de una solicitud ReadProcessMemory o WriteProcessMemory. (0x12B)
[0211/214016.962:ERROR:process_memory_win.cc(73)] ReadMemory at 0x172cd303e6e of 118 bytes failed: Solo se completó una parte de una solicitud ReadProcessMemory o WriteProcessMemory. (0x12B)
[0211/214016.962:ERROR:process_memory_win.cc(73)] ReadMemory at 0x172cd303ee6 of 96 bytes failed: Solo se completó una parte de una solicitud ReadProcessMemory o WriteProcessMemory. (0x12B)
[0211/214016.962:ERROR:process_memory_win.cc(73)] ReadMemory at 0x172cd303f60 of 58 bytes failed: Solo se completó una parte de una solicitud ReadProcessMemory o WriteProcessMemory. (0x12B)
[0211/214016.962:ERROR:process_memory_win.cc(73)] ReadMemory at 0x172cd304060 of 132 bytes failed: Solo se completó una parte de una solicitud ReadProcessMemory o WriteProcessMemory. (0x12B)
[0211/214016.962:ERROR:process_memory_win.cc(73)] ReadMemory at 0x172cd3041f0 of 132 bytes failed: Solo se completó una parte de una solicitud ReadProcessMemory o WriteProcessMemory. (0x12B)
[0211/214016.962:ERROR:process_memory_win.cc(73)] ReadMemory at 0x172cd3043b0 of 124 bytes failed: Solo se completó una parte de una solicitud ReadProcessMemory o WriteProcessMemory. (0x12B)
[0211/214016.962:ERROR:process_memory_win.cc(73)] ReadMemory at 0x172cd3046a0 of 132 bytes failed: Solo se completó una parte de una solicitud ReadProcessMemory o WriteProcessMemory. (0x12B)
[0211/214016.962:ERROR:process_memory_win.cc(73)] ReadMemory at 0x172cd304f90 of 132 bytes failed: Solo se completó una parte de una solicitud ReadProcessMemory o WriteProcessMemory. (0x12B)
[0211/214016.962:ERROR:process_memory_win.cc(73)] ReadMemory at 0x172cd305120 of 64 bytes failed: Solo se completó una parte de una solicitud ReadProcessMemory o WriteProcessMemory. (0x12B)
[0211/214016.962:ERROR:process_memory_win.cc(73)] ReadMemory at 0x172cd305170 of 132 bytes failed: Solo se completó una parte de una solicitud ReadProcessMemory o WriteProcessMemory. (0x12B)
[0211/214016.962:ERROR:process_memory_win.cc(73)] ReadMemory at 0x172cd305580 of 132 bytes failed: Solo se completó una parte de una solicitud ReadProcessMemory o WriteProcessMemory. (0x12B)
[0211/214016.962:ERROR:process_memory_win.cc(73)] ReadMemory at 0x172cd305710 of 68 bytes failed: Solo se completó una parte de una solicitud ReadProcessMemory o WriteProcessMemory. (0x12B)
[0211/214016.962:ERROR:process_memory_win.cc(73)] ReadMemory at 0x172cd30b300 of 132 bytes failed: Solo se completó una parte de una solicitud ReadProcessMemory o WriteProcessMemory. (0x12B)
[0211/214016.962:ERROR:process_memory_win.cc(73)] ReadMemory at 0x172cd30b430 of 152 bytes failed: Solo se completó una parte de una solicitud ReadProcessMemory o WriteProcessMemory. (0x12B)
[0211/214016.962:ERROR:process_memory_win.cc(73)] ReadMemory at 0x172cd30ba20 of 62 bytes failed: Solo se completó una parte de una solicitud ReadProcessMemory o WriteProcessMemory. (0x12B)
[0211/214016.962:ERROR:process_memory_win.cc(73)] ReadMemory at 0x172cd30bee0 of 132 bytes failed: Solo se completó una parte de una solicitud ReadProcessMemory o WriteProcessMemory. (0x12B)
[0211/214016.962:ERROR:process_memory_win.cc(73)] ReadMemory at 0x172cd30c010 of 132 bytes failed: Solo se completó una parte de una solicitud ReadProcessMemory o WriteProcessMemory. (0x12B)
[0211/214016.962:ERROR:process_memory_win.cc(73)] ReadMemory at 0x172cd30c180 of 132 bytes failed: Solo se completó una parte de una solicitud ReadProcessMemory o WriteProcessMemory. (0x12B)
[0211/214016.962:ERROR:process_memory_win.cc(73)] ReadMemory at 0x172cd30c310 of 60 bytes failed: Solo se completó una parte de una solicitud ReadProcessMemory o WriteProcessMemory. (0x12B)
[0211/214016.962:ERROR:process_memory_win.cc(73)] ReadMemory at 0x172cd30eb30 of 64 bytes failed: Solo se completó una parte de una solicitud ReadProcessMemory o WriteProcessMemory. (0x12B)
[0211/214016.962:ERROR:process_memory_win.cc(73)] ReadMemory at 0x172cd30ec70 of 62 bytes failed: Solo se completó una parte de una solicitud ReadProcessMemory o WriteProcessMemory. (0x12B)
[0211/214016.962:ERROR:process_memory_win.cc(73)] ReadMemory at 0x172cd30ef40 of 60 bytes failed: Solo se completó una parte de una solicitud ReadProcessMemory o WriteProcessMemory. (0x12B)
[0211/214016.962:ERROR:process_memory_win.cc(73)] ReadMemory at 0x172cd30efe0 of 64 bytes failed: Solo se completó una parte de una solicitud ReadProcessMemory o WriteProcessMemory. (0x12B)
[0211/214016.962:ERROR:process_memory_win.cc(73)] ReadMemory at 0x172cd30f030 of 66 bytes failed: Solo se completó una parte de una solicitud ReadProcessMemory o WriteProcessMemory. (0x12B)
[0211/214016.962:ERROR:process_memory_win.cc(73)] ReadMemory at 0x172cd30f0d0 of 64 bytes failed: Solo se completó una parte de una solicitud ReadProcessMemory o WriteProcessMemory. (0x12B)
[0211/214016.962:ERROR:process_memory_win.cc(73)] ReadMemory at 0x172cd30f120 of 60 bytes failed: Solo se completó una parte de una solicitud ReadProcessMemory o WriteProcessMemory. (0x12B)
[0211/214016.962:ERROR:process_memory_win.cc(73)] ReadMemory at 0x172cd310970 of 132 bytes failed: Solo se completó una parte de una solicitud ReadProcessMemory o WriteProcessMemory. (0x12B)
[0211/214016.962:ERROR:process_memory_win.cc(73)] ReadMemory at 0x172cd310aa0 of 144 bytes failed: Solo se completó una parte de una solicitud ReadProcessMemory o WriteProcessMemory. (0x12B)
[0211/214016.962:ERROR:process_memory_win.cc(73)] ReadMemory at 0x172cd310c30 of 80 bytes failed: Solo se completó una parte de una solicitud ReadProcessMemory o WriteProcessMemory. (0x12B)
[0211/214016.962:ERROR:process_memory_win.cc(73)] ReadMemory at 0x172cd311690 of 132 bytes failed: Solo se completó una parte de una solicitud ReadProcessMemory o WriteProcessMemory. (0x12B)
[0211/214016.962:ERROR:process_memory_win.cc(73)] ReadMemory at 0x172cd311940 of 132 bytes failed: Solo se completó una parte de una solicitud ReadProcessMemory o WriteProcessMemory. (0x12B)
[0211/214016.962:ERROR:process_memory_win.cc(73)] ReadMemory at 0x172cd3122d0 of 62 bytes failed: Solo se completó una parte de una solicitud ReadProcessMemory o WriteProcessMemory. (0x12B)
[0211/214016.962:ERROR:process_memory_win.cc(73)] ReadMemory at 0x172cd3123c0 of 66 bytes failed: Solo se completó una parte de una solicitud ReadProcessMemory o WriteProcessMemory. (0x12B)
[0211/214016.962:ERROR:process_memory_win.cc(73)] ReadMemory at 0x172cd312500 of 62 bytes failed: Solo se completó una parte de una solicitud ReadProcessMemory o WriteProcessMemory. (0x12B)
[0211/214016.962:ERROR:process_memory_win.cc(73)] ReadMemory at 0x172cd312550 of 62 bytes failed: Solo se completó una parte de una solicitud ReadProcessMemory o WriteProcessMemory. (0x12B)
[0211/214016.962:ERROR:process_memory_win.cc(73)] ReadMemory at 0x172cd3125a0 of 62 bytes failed: Solo se completó una parte de una solicitud ReadProcessMemory o WriteProcessMemory. (0x12B)
[0211/214016.962:ERROR:process_memory_win.cc(73)] ReadMemory at 0x172cd312820 of 60 bytes failed: Solo se completó una parte de una solicitud ReadProcessMemory o WriteProcessMemory. (0x12B)
[0211/214016.962:ERROR:process_memory_win.cc(73)] ReadMemory at 0x172cd3129b0 of 64 bytes failed: Solo se completó una parte de una solicitud ReadProcessMemory o WriteProcessMemory. (0x12B)
[0211/214016.962:ERROR:process_memory_win.cc(73)] ReadMemory at 0x172cd312a00 of 62 bytes failed: Solo se completó una parte de una solicitud ReadProcessMemory o WriteProcessMemory. (0x12B)
[0211/214016.962:ERROR:process_memory_win.cc(73)] ReadMemory at 0x172cd312aa0 of 58 bytes failed: Solo se completó una parte de una solicitud ReadProcessMemory o WriteProcessMemory. (0x12B)
[0211/214016.962:ERROR:process_memory_win.cc(73)] ReadMemory at 0x172cd312af0 of 60 bytes failed: Solo se completó una parte de una solicitud ReadProcessMemory o WriteProcessMemory. (0x12B)
[0211/214016.962:ERROR:process_memory_win.cc(73)] ReadMemory at 0x172cd312be0 of 62 bytes failed: Solo se completó una parte de una solicitud ReadProcessMemory o WriteProcessMemory. (0x12B)
[0211/214016.962:ERROR:process_memory_win.cc(73)] ReadMemory at 0x172cd312d70 of 64 bytes failed: Solo se completó una parte de una solicitud ReadProcessMemory o WriteProcessMemory. (0x12B)
[0211/214016.962:ERROR:process_memory_win.cc(73)] ReadMemory at 0x172cd312dc0 of 62 bytes failed: Solo se completó una parte de una solicitud ReadProcessMemory o WriteProcessMemory. (0x12B)
[0211/214016.962:ERROR:process_memory_win.cc(73)] ReadMemory at 0x172cd312e10 of 62 bytes failed: Solo se completó una parte de una solicitud ReadProcessMemory o WriteProcessMemory. (0x12B)
[0211/214016.962:ERROR:process_memory_win.cc(73)] ReadMemory at 0x172cd312fa0 of 64 bytes failed: Solo se completó una parte de una solicitud ReadProcessMemory o WriteProcessMemory. (0x12B)
[0211/214016.962:ERROR:process_memory_win.cc(73)] ReadMemory at 0x172cd312ff0 of 62 bytes failed: Solo se completó una parte de una solicitud ReadProcessMemory o WriteProcessMemory. (0x12B)
[0211/214016.962:ERROR:process_memory_win.cc(73)] ReadMemory at 0x172cd313090 of 64 bytes failed: Solo se completó una parte de una solicitud ReadProcessMemory o WriteProcessMemory. (0x12B)
[0211/214016.962:ERROR:process_memory_win.cc(73)] ReadMemory at 0x172cd3130e0 of 60 bytes failed: Solo se completó una parte de una solicitud ReadProcessMemory o WriteProcessMemory. (0x12B)
[0211/214016.962:ERROR:process_memory_win.cc(73)] ReadMemory at 0x172cd313130 of 64 bytes failed: Solo se completó una parte de una solicitud ReadProcessMemory o WriteProcessMemory. (0x12B)
[0211/214016.962:ERROR:process_memory_win.cc(73)] ReadMemory at 0x172cd3131d0 of 60 bytes failed: Solo se completó una parte de una solicitud ReadProcessMemory o WriteProcessMemory. (0x12B)
[0211/214016.962:ERROR:process_memory_win.cc(73)] ReadMemory at 0x172cd313460 of 80 bytes failed: Solo se completó una parte de una solicitud ReadProcessMemory o WriteProcessMemory. (0x12B)
[0211/214016.962:ERROR:process_memory_win.cc(73)] ReadMemory at 0x172cd313e80 of 76 bytes failed: Solo se completó una parte de una solicitud ReadProcessMemory o WriteProcessMemory. (0x12B)
[0211/214016.962:ERROR:process_memory_win.cc(73)] ReadMemory at 0x172cd315d40 of 54 bytes failed: Solo se completó una parte de una solicitud ReadProcessMemory o WriteProcessMemory. (0x12B)
[0211/214016.962:ERROR:process_memory_win.cc(73)] ReadMemory at 0x172cd317170 of 132 bytes failed: Solo se completó una parte de una solicitud ReadProcessMemory o WriteProcessMemory. (0x12B)
[0211/214016.962:ERROR:process_memory_win.cc(73)] ReadMemory at 0x172cd31aa40 of 132 bytes failed: Solo se completó una parte de una solicitud ReadProcessMemory o WriteProcessMemory. (0x12B)
[0211/214016.962:ERROR:process_memory_win.cc(73)] ReadMemory at 0x172cd31ab70 of 132 bytes failed: Solo se completó una parte de una solicitud ReadProcessMemory o WriteProcessMemory. (0x12B)
[0211/214016.962:ERROR:process_memory_win.cc(73)] ReadMemory at 0x172cd31aca0 of 132 bytes failed: Solo se completó una parte de una solicitud ReadProcessMemory o WriteProcessMemory. (0x12B)
[0211/214016.962:ERROR:process_memory_win.cc(73)] ReadMemory at 0x172cd31add0 of 132 bytes failed: Solo se completó una parte de una solicitud ReadProcessMemory o WriteProcessMemory. (0x12B)
[0211/214016.962:ERROR:process_memory_win.cc(73)] ReadMemory at 0x172cd31af00 of 132 bytes failed: Solo se completó una parte de una solicitud ReadProcessMemory o WriteProcessMemory. (0x12B)
[0211/214016.962:ERROR:process_memory_win.cc(73)] ReadMemory at 0x172cd31b030 of 132 bytes failed: Solo se completó una parte de una solicitud ReadProcessMemory o WriteProcessMemory. (0x12B)
[0211/214016.962:ERROR:process_memory_win.cc(73)] ReadMemory at 0x172cd31b290 of 132 bytes failed: Solo se completó una parte de una solicitud ReadProcessMemory o WriteProcessMemory. (0x12B)
[0211/214016.962:ERROR:process_memory_win.cc(73)] ReadMemory at 0x172cd31b3c0 of 132 bytes failed: Solo se completó una parte de una solicitud ReadProcessMemory o WriteProcessMemory. (0x12B)
[0211/214016.962:ERROR:process_memory_win.cc(73)] ReadMemory at 0x172cd31b4f0 of 132 bytes failed: Solo se completó una parte de una solicitud ReadProcessMemory o WriteProcessMemory. (0x12B)
[0211/214016.962:ERROR:process_memory_win.cc(73)] ReadMemory at 0x172cd31b620 of 132 bytes failed: Solo se completó una parte de una solicitud ReadProcessMemory o WriteProcessMemory. (0x12B)
[0211/214016.962:ERROR:process_memory_win.cc(73)] ReadMemory at 0x172cd31b750 of 132 bytes failed: Solo se completó una parte de una solicitud ReadProcessMemory o WriteProcessMemory. (0x12B)
[0211/214016.962:ERROR:process_memory_win.cc(73)] ReadMemory at 0x172cd31b880 of 132 bytes failed: Solo se completó una parte de una solicitud ReadProcessMemory o WriteProcessMemory. (0x12B)
[0211/214016.962:ERROR:process_memory_win.cc(73)] ReadMemory at 0x172cd31c250 of 132 bytes failed: Solo se completó una parte de una solicitud ReadProcessMemory o WriteProcessMemory. (0x12B)
[0211/214016.962:ERROR:process_memory_win.cc(73)] ReadMemory at 0x172cd31c380 of 132 bytes failed: Solo se completó una parte de una solicitud ReadProcessMemory o WriteProcessMemory. (0x12B)
[0211/214016.978:ERROR:process_memory_win.cc(73)] ReadMemory at 0x172cd31c4b0 of 132 bytes failed: Solo se completó una parte de una solicitud ReadProcessMemory o WriteProcessMemory. (0x12B)
[0211/214016.978:ERROR:process_memory_win.cc(73)] ReadMemory at 0x172cd31c5e0 of 132 bytes failed: Solo se completó una parte de una solicitud ReadProcessMemory o WriteProcessMemory. (0x12B)
[0211/214016.978:ERROR:process_memory_win.cc(73)] ReadMemory at 0x172cd31c710 of 132 bytes failed: Solo se completó una parte de una solicitud ReadProcessMemory o WriteProcessMemory. (0x12B)
[0211/214016.978:ERROR:process_memory_win.cc(73)] ReadMemory at 0x172cd31c970 of 132 bytes failed: Solo se completó una parte de una solicitud ReadProcessMemory o WriteProcessMemory. (0x12B)
[0211/214016.978:ERROR:process_memory_win.cc(73)] ReadMemory at 0x172cd31caa0 of 132 bytes failed: Solo se completó una parte de una solicitud ReadProcessMemory o WriteProcessMemory. (0x12B)
[0211/214016.978:ERROR:process_memory_win.cc(73)] ReadMemory at 0x172cd31cbd0 of 132 bytes failed: Solo se completó una parte de una solicitud ReadProcessMemory o WriteProcessMemory. (0x12B)
[0211/214016.978:ERROR:process_memory_win.cc(73)] ReadMemory at 0x172cd31cd00 of 132 bytes failed: Solo se completó una parte de una solicitud ReadProcessMemory o WriteProcessMemory. (0x12B)
[0211/214016.978:ERROR:process_memory_win.cc(73)] ReadMemory at 0x172cd31ce30 of 132 bytes failed: Solo se completó una parte de una solicitud ReadProcessMemory o WriteProcessMemory. (0x12B)
[0211/214016.978:ERROR:process_memory_win.cc(73)] ReadMemory at 0x172cd31cf60 of 132 bytes failed: Solo se completó una parte de una solicitud ReadProcessMemory o WriteProcessMemory. (0x12B)
[0211/214016.978:ERROR:process_memory_win.cc(73)] ReadMemory at 0x172cd31d090 of 132 bytes failed: Solo se completó una parte de una solicitud ReadProcessMemory o WriteProcessMemory. (0x12B)
[0211/214016.978:ERROR:process_memory_win.cc(73)] ReadMemory at 0x172cd31d1c0 of 132 bytes failed: Solo se completó una parte de una solicitud ReadProcessMemory o WriteProcessMemory. (0x12B)
[0211/214016.978:ERROR:process_memory_win.cc(73)] ReadMemory at 0x172cd31d2f0 of 132 bytes failed: Solo se completó una parte de una solicitud ReadProcessMemory o WriteProcessMemory. (0x12B)
[0211/214016.978:ERROR:process_memory_win.cc(73)] ReadMemory at 0x172cd31d420 of 132 bytes failed: Solo se completó una parte de una solicitud ReadProcessMemory o WriteProcessMemory. (0x12B)
[0211/214016.978:ERROR:process_memory_win.cc(73)] ReadMemory at 0x172cd31d550 of 132 bytes failed: Solo se completó una parte de una solicitud ReadProcessMemory o WriteProcessMemory. (0x12B)
[0211/214016.978:ERROR:process_memory_win.cc(73)] ReadMemory at 0x172cd31d680 of 132 bytes failed: Solo se completó una parte de una solicitud ReadProcessMemory o WriteProcessMemory. (0x12B)
[0211/214016.978:ERROR:process_memory_win.cc(73)] ReadMemory at 0x172cd31d8e0 of 132 bytes failed: Solo se completó una parte de una solicitud ReadProcessMemory o WriteProcessMemory. (0x12B)
[0211/214016.978:ERROR:process_memory_win.cc(73)] ReadMemory at 0x172cd31da10 of 132 bytes failed: Solo se completó una parte de una solicitud ReadProcessMemory o WriteProcessMemory. (0x12B)
[0211/214016.978:ERROR:process_memory_win.cc(73)] ReadMemory at 0x172cd32c280 of 60 bytes failed: Solo se completó una parte de una solicitud ReadProcessMemory o WriteProcessMemory. (0x12B)
[0211/214016.978:ERROR:process_memory_win.cc(73)] ReadMemory at 0x172cd32c370 of 58 bytes failed: Solo se completó una parte de una solicitud ReadProcessMemory o WriteProcessMemory. (0x12B)
[0211/214016.978:ERROR:process_memory_win.cc(73)] ReadMemory at 0x172cd32cbe0 of 58 bytes failed: Solo se completó una parte de una solicitud ReadProcessMemory o WriteProcessMemory. (0x12B)
[0211/214016.978:ERROR:process_memory_win.cc(73)] ReadMemory at 0x172cd32cd70 of 58 bytes failed: Solo se completó una parte de una solicitud ReadProcessMemory o WriteProcessMemory. (0x12B)
[0211/214016.978:ERROR:process_memory_win.cc(73)] ReadMemory at 0x172cd32d090 of 66 bytes failed: Solo se completó una parte de una solicitud ReadProcessMemory o WriteProcessMemory. (0x12B)
[0211/214016.978:ERROR:process_memory_win.cc(73)] ReadMemory at 0x172cd32d0e0 of 60 bytes failed: Solo se completó una parte de una solicitud ReadProcessMemory o WriteProcessMemory. (0x12B)
[0211/214016.978:ERROR:process_memory_win.cc(73)] ReadMemory at 0x172cda8f370 of 512 bytes failed: Solo se completó una parte de una solicitud ReadProcessMemory o WriteProcessMemory. (0x12B)
[0211/214016.993:ERROR:scoped_process_suspend.cc(40)] NtResumeProcess: Se intentó obtener acceso a un proceso que está cerrándose. (0xc000010a)
